../data//incorrect.csv ../data//correct.csv
../data//correct.csv 包含 1638 行, 512638 个词.
../data//incorrect.csv 包含 7545 行, 3763004 个词.
字典大小：5065
AUC: nan, +Recall: 0.833, -Recall: nan

***------------***
Evaluating AUC, F1, +Recall, -Recall
Valid data size: 918, Incorrect: 153, Correct: 765
The 0-th epoch ，train loss：0.6705, valid loss：0.6697, valid accuracy: 0.8333, precision: 1.0000, +Recall: 0.833, -Recall: nan, f1: 0.9091, auc: nan 
AUC: 0.954, +Recall: 0.962, -Recall: 0.946

***------------***
Evaluating AUC, F1, +Recall, -Recall
Valid data size: 918, Incorrect: 153, Correct: 765
The 0-th epoch ，train loss：0.2356, valid loss：0.1187, valid accuracy: 0.9597, precision: 0.9908, +Recall: 0.962, -Recall: 0.946, f1: 0.9762, auc: 0.9540 
AUC: 0.939, +Recall: 0.969, -Recall: 0.908

***------------***
Evaluating AUC, F1, +Recall, -Recall
Valid data size: 918, Incorrect: 153, Correct: 765
The 0-th epoch ，train loss：0.1814, valid loss：0.1036, valid accuracy: 0.9597, precision: 0.9830, +Recall: 0.969, -Recall: 0.908, f1: 0.9760, auc: 0.9388 
AUC: 0.942, +Recall: 0.969, -Recall: 0.915

***------------***
Evaluating AUC, F1, +Recall, -Recall
Valid data size: 918, Incorrect: 153, Correct: 765
The 1-th epoch ，train loss：0.1644, valid loss：0.1038, valid accuracy: 0.9608, precision: 0.9843, +Recall: 0.969, -Recall: 0.915, f1: 0.9767, auc: 0.9420 
AUC: 0.937, +Recall: 0.970, -Recall: 0.903

***------------***
Evaluating AUC, F1, +Recall, -Recall
Valid data size: 918, Incorrect: 153, Correct: 765
The 1-th epoch ，train loss：0.1471, valid loss：0.1051, valid accuracy: 0.9597, precision: 0.9817, +Recall: 0.970, -Recall: 0.903, f1: 0.9760, auc: 0.9365 
AUC: 0.955, +Recall: 0.968, -Recall: 0.941

***------------***
Evaluating AUC, F1, +Recall, -Recall
Valid data size: 918, Incorrect: 153, Correct: 765
The 1-th epoch ，train loss：0.1359, valid loss：0.1046, valid accuracy: 0.9641, precision: 0.9895, +Recall: 0.968, -Recall: 0.941, f1: 0.9787, auc: 0.9546 
AUC: 0.937, +Recall: 0.970, -Recall: 0.903

***------------***
Evaluating AUC, F1, +Recall, -Recall
Valid data size: 918, Incorrect: 153, Correct: 765
The 2-th epoch ，train loss：0.1297, valid loss：0.1086, valid accuracy: 0.9597, precision: 0.9817, +Recall: 0.970, -Recall: 0.903, f1: 0.9760, auc: 0.9365 
AUC: 0.944, +Recall: 0.972, -Recall: 0.916

***------------***
Evaluating AUC, F1, +Recall, -Recall
Valid data size: 918, Incorrect: 153, Correct: 765
The 2-th epoch ，train loss：0.1232, valid loss：0.1063, valid accuracy: 0.9630, precision: 0.9843, +Recall: 0.972, -Recall: 0.916, f1: 0.9779, auc: 0.9438 
AUC: 0.958, +Recall: 0.968, -Recall: 0.948

***------------***
Evaluating AUC, F1, +Recall, -Recall
Valid data size: 918, Incorrect: 153, Correct: 765
The 2-th epoch ，train loss：0.1180, valid loss：0.1080, valid accuracy: 0.9651, precision: 0.9908, +Recall: 0.968, -Recall: 0.948, f1: 0.9793, auc: 0.9581 
AUC: 0.952, +Recall: 0.969, -Recall: 0.935

***------------***
Evaluating AUC, F1, +Recall, -Recall
Valid data size: 918, Incorrect: 153, Correct: 765
The 3-th epoch ，train loss：0.1148, valid loss：0.1070, valid accuracy: 0.9641, precision: 0.9882, +Recall: 0.969, -Recall: 0.935, f1: 0.9786, auc: 0.9520 
AUC: 0.946, +Recall: 0.970, -Recall: 0.922

***------------***
Evaluating AUC, F1, +Recall, -Recall
Valid data size: 918, Incorrect: 153, Correct: 765
The 3-th epoch ，train loss：0.1112, valid loss：0.1081, valid accuracy: 0.9630, precision: 0.9856, +Recall: 0.970, -Recall: 0.922, f1: 0.9780, auc: 0.9462 
AUC: 0.955, +Recall: 0.969, -Recall: 0.942

***------------***
Evaluating AUC, F1, +Recall, -Recall
Valid data size: 918, Incorrect: 153, Correct: 765
The 3-th epoch ，train loss：0.1083, valid loss：0.1083, valid accuracy: 0.9651, precision: 0.9895, +Recall: 0.969, -Recall: 0.942, f1: 0.9793, auc: 0.9554 
AUC: 0.962, +Recall: 0.969, -Recall: 0.956

***------------***
Evaluating AUC, F1, +Recall, -Recall
Valid data size: 918, Incorrect: 153, Correct: 765
The 4-th epoch ，train loss：0.1061, valid loss：0.1093, valid accuracy: 0.9673, precision: 0.9922, +Recall: 0.969, -Recall: 0.956, f1: 0.9806, auc: 0.9625 
AUC: 0.943, +Recall: 0.970, -Recall: 0.915

***------------***
Evaluating AUC, F1, +Recall, -Recall
Valid data size: 918, Incorrect: 153, Correct: 765
The 4-th epoch ，train loss：0.1038, valid loss：0.1115, valid accuracy: 0.9619, precision: 0.9843, +Recall: 0.970, -Recall: 0.915, f1: 0.9773, auc: 0.9429 
AUC: 0.955, +Recall: 0.969, -Recall: 0.942

***------------***
Evaluating AUC, F1, +Recall, -Recall
Valid data size: 918, Incorrect: 153, Correct: 765
The 4-th epoch ，train loss：0.1019, valid loss：0.1112, valid accuracy: 0.9651, precision: 0.9895, +Recall: 0.969, -Recall: 0.942, f1: 0.9793, auc: 0.9554 
AUC: 0.940, +Recall: 0.970, -Recall: 0.909

***------------***
Evaluating AUC, F1, +Recall, -Recall
Valid data size: 918, Incorrect: 153, Correct: 765
The 5-th epoch ，train loss：0.1003, valid loss：0.1165, valid accuracy: 0.9608, precision: 0.9830, +Recall: 0.970, -Recall: 0.909, f1: 0.9766, auc: 0.9397 
AUC: 0.951, +Recall: 0.973, -Recall: 0.930

***------------***
Evaluating AUC, F1, +Recall, -Recall
Valid data size: 918, Incorrect: 153, Correct: 765
The 5-th epoch ，train loss：0.0988, valid loss：0.1144, valid accuracy: 0.9662, precision: 0.9869, +Recall: 0.973, -Recall: 0.930, f1: 0.9799, auc: 0.9513 
AUC: 0.962, +Recall: 0.969, -Recall: 0.956

***------------***
Evaluating AUC, F1, +Recall, -Recall
Valid data size: 918, Incorrect: 153, Correct: 765
The 5-th epoch ，train loss：0.0975, valid loss：0.1125, valid accuracy: 0.9673, precision: 0.9922, +Recall: 0.969, -Recall: 0.956, f1: 0.9806, auc: 0.9625 
AUC: 0.956, +Recall: 0.971, -Recall: 0.942

***------------***
Evaluating AUC, F1, +Recall, -Recall
Valid data size: 918, Incorrect: 153, Correct: 765
The 6-th epoch ，train loss：0.0963, valid loss：0.1128, valid accuracy: 0.9662, precision: 0.9895, +Recall: 0.971, -Recall: 0.942, f1: 0.9799, auc: 0.9563 
AUC: 0.948, +Recall: 0.973, -Recall: 0.923

***------------***
Evaluating AUC, F1, +Recall, -Recall
Valid data size: 918, Incorrect: 153, Correct: 765
The 6-th epoch ，train loss：0.0951, valid loss：0.1152, valid accuracy: 0.9651, precision: 0.9856, +Recall: 0.973, -Recall: 0.923, f1: 0.9792, auc: 0.9480 
AUC: 0.963, +Recall: 0.971, -Recall: 0.956

***------------***
Evaluating AUC, F1, +Recall, -Recall
Valid data size: 918, Incorrect: 153, Correct: 765
The 6-th epoch ，train loss：0.0941, valid loss：0.1123, valid accuracy: 0.9684, precision: 0.9922, +Recall: 0.971, -Recall: 0.956, f1: 0.9813, auc: 0.9632 
AUC: 0.941, +Recall: 0.972, -Recall: 0.910

***------------***
Evaluating AUC, F1, +Recall, -Recall
Valid data size: 918, Incorrect: 153, Correct: 765
The 7-th epoch ，train loss：0.0931, valid loss：0.1174, valid accuracy: 0.9619, precision: 0.9830, +Recall: 0.972, -Recall: 0.910, f1: 0.9773, auc: 0.9406 
AUC: 0.952, +Recall: 0.974, -Recall: 0.930

***------------***
Evaluating AUC, F1, +Recall, -Recall
Valid data size: 918, Incorrect: 153, Correct: 765
The 7-th epoch ，train loss：0.0924, valid loss：0.1156, valid accuracy: 0.9673, precision: 0.9869, +Recall: 0.974, -Recall: 0.930, f1: 0.9805, auc: 0.9521 
AUC: 0.956, +Recall: 0.971, -Recall: 0.942

***------------***
Evaluating AUC, F1, +Recall, -Recall
Valid data size: 918, Incorrect: 153, Correct: 765
The 7-th epoch ，train loss：0.0916, valid loss：0.1127, valid accuracy: 0.9662, precision: 0.9895, +Recall: 0.971, -Recall: 0.942, f1: 0.9799, auc: 0.9563 
AUC: 0.957, +Recall: 0.972, -Recall: 0.942

***------------***
Evaluating AUC, F1, +Recall, -Recall
Valid data size: 918, Incorrect: 153, Correct: 765
The 8-th epoch ，train loss：0.0908, valid loss：0.1137, valid accuracy: 0.9673, precision: 0.9895, +Recall: 0.972, -Recall: 0.942, f1: 0.9806, auc: 0.9571 
AUC: 0.951, +Recall: 0.973, -Recall: 0.930

***------------***
Evaluating AUC, F1, +Recall, -Recall
Valid data size: 918, Incorrect: 153, Correct: 765
The 8-th epoch ，train loss：0.0902, valid loss：0.1115, valid accuracy: 0.9662, precision: 0.9869, +Recall: 0.973, -Recall: 0.930, f1: 0.9799, auc: 0.9513 
AUC: 0.954, +Recall: 0.972, -Recall: 0.936

***------------***
Evaluating AUC, F1, +Recall, -Recall
Valid data size: 918, Incorrect: 153, Correct: 765
The 8-th epoch ，train loss：0.0897, valid loss：0.1233, valid accuracy: 0.9662, precision: 0.9882, +Recall: 0.972, -Recall: 0.936, f1: 0.9799, auc: 0.9537 
AUC: 0.947, +Recall: 0.972, -Recall: 0.923

***------------***
Evaluating AUC, F1, +Recall, -Recall
Valid data size: 918, Incorrect: 153, Correct: 765
The 9-th epoch ，train loss：0.0890, valid loss：0.1149, valid accuracy: 0.9641, precision: 0.9856, +Recall: 0.972, -Recall: 0.923, f1: 0.9786, auc: 0.9471 
AUC: 0.947, +Recall: 0.972, -Recall: 0.923

***------------***
Evaluating AUC, F1, +Recall, -Recall
Valid data size: 918, Incorrect: 153, Correct: 765
The 9-th epoch ，train loss：0.0885, valid loss：0.1144, valid accuracy: 0.9641, precision: 0.9856, +Recall: 0.972, -Recall: 0.923, f1: 0.9786, auc: 0.9471 
AUC: 0.964, +Recall: 0.972, -Recall: 0.956

***------------***
Evaluating AUC, F1, +Recall, -Recall
Valid data size: 918, Incorrect: 153, Correct: 765
The 9-th epoch ，train loss：0.0880, valid loss：0.1138, valid accuracy: 0.9695, precision: 0.9922, +Recall: 0.972, -Recall: 0.956, f1: 0.9819, auc: 0.9640 
AUC: 0.964, +Recall: 0.972, -Recall: 0.956
test accuracy: 0.9695, precision: 0.9922, f1: 0.9819, auc: 0.9640 
